# JRE version: Java(TM) SE Runtime Environment (8.0_111-b14) (build 1.8.0_111-b14)
# Java VM: Java HotSpot(TM) 64-Bit Server VM (25.111-b14 mixed mode linux-amd64 compressed oops)
Heap:
 PSYoungGen      total 56320K, used 2511K [0x00000000ebf80000, 0x00000000f0280000, 0x0000000100000000)
  eden space 53760K, 0% used [0x00000000ebf80000,0x00000000ebf80000,0x00000000ef400000)
  from space 2560K, 98% used [0x00000000efd80000,0x00000000efff3f40,0x00000000f0000000)
  to   space 2560K, 0% used [0x00000000f0000000,0x00000000f0000000,0x00000000f0280000)
 ParOldGen       total 89600K, used 67775K [0x00000000c3e00000, 0x00000000c9580000, 0x00000000ebf80000)
  object space 89600K, 75% used [0x00000000c3e00000,0x00000000c802feb0,0x00000000c9580000)
 Metaspace       used 13349K, capacity 13930K, committed 14080K, reserved 1060864K
  class space    used 1845K, capacity 1991K, committed 2048K, reserved 1048576K
GC Heap History (10 events):
Event: 3,229 GC heap after
Heap after GC invocations=2 (full 0):
 PSYoungGen      total 34304K, used 2556K [0x00000000ebf80000, 0x00000000ee380000, 0x0000000100000000)
  eden space 31744K, 0% used [0x00000000ebf80000,0x00000000ebf80000,0x00000000ede80000)
  from space 2560K, 99% used [0x00000000ee100000,0x00000000ee37f0d8,0x00000000ee380000)
  to   space 2560K, 0% used [0x00000000ede80000,0x00000000ede80000,0x00000000ee100000)
 ParOldGen       total 42496K, used 11272K [0x00000000c3e00000, 0x00000000c6780000, 0x00000000ebf80000)
  object space 42496K, 26% used [0x00000000c3e00000,0x00000000c4902230,0x00000000c6780000)
 Metaspace       used 9204K, capacity 9594K, committed 9856K, reserved 1058816K
  class space    used 1257K, capacity 1383K, committed 1408K, reserved 1048576K
}
Event: 7,479 GC heap before
{Heap before GC invocations=3 (full 0):
 PSYoungGen      total 34304K, used 34300K [0x00000000ebf80000, 0x00000000ee380000, 0x0000000100000000)
  eden space 31744K, 100% used [0x00000000ebf80000,0x00000000ede80000,0x00000000ede80000)
  from space 2560K, 99% used [0x00000000ee100000,0x00000000ee37f0d8,0x00000000ee380000)
  to   space 2560K, 0% used [0x00000000ede80000,0x00000000ede80000,0x00000000ee100000)
 ParOldGen       total 42496K, used 11272K [0x00000000c3e00000, 0x00000000c6780000, 0x00000000ebf80000)
  object space 42496K, 26% used [0x00000000c3e00000,0x00000000c4902230,0x00000000c6780000)
 Metaspace       used 13091K, capacity 13610K, committed 13824K, reserved 1060864K
  class space    used 1843K, capacity 1991K, committed 2048K, reserved 1048576K
Event: 7,522 GC heap after
Heap after GC invocations=3 (full 0):
 PSYoungGen      total 34304K, used 2551K [0x00000000ebf80000, 0x00000000f0280000, 0x0000000100000000)
  eden space 31744K, 0% used [0x00000000ebf80000,0x00000000ebf80000,0x00000000ede80000)
  from space 2560K, 99% used [0x00000000ede80000,0x00000000ee0fdfc0,0x00000000ee100000)
  to   space 2560K, 0% used [0x00000000f0000000,0x00000000f0000000,0x00000000f0280000)
 ParOldGen       total 42496K, used 29269K [0x00000000c3e00000, 0x00000000c6780000, 0x00000000ebf80000)
  object space 42496K, 68% used [0x00000000c3e00000,0x00000000c5a955c8,0x00000000c6780000)
 Metaspace       used 13091K, capacity 13610K, committed 13824K, reserved 1060864K
  class space    used 1843K, capacity 1991K, committed 2048K, reserved 1048576K
}
Event: 7,522 GC heap before
{Heap before GC invocations=4 (full 1):
 PSYoungGen      total 34304K, used 2551K [0x00000000ebf80000, 0x00000000f0280000, 0x0000000100000000)
  eden space 31744K, 0% used [0x00000000ebf80000,0x00000000ebf80000,0x00000000ede80000)
  from space 2560K, 99% used [0x00000000ede80000,0x00000000ee0fdfc0,0x00000000ee100000)
  to   space 2560K, 0% used [0x00000000f0000000,0x00000000f0000000,0x00000000f0280000)
 ParOldGen       total 42496K, used 29269K [0x00000000c3e00000, 0x00000000c6780000, 0x00000000ebf80000)
  object space 42496K, 68% used [0x00000000c3e00000,0x00000000c5a955c8,0x00000000c6780000)
 Metaspace       used 13091K, capacity 13610K, committed 13824K, reserved 1060864K
  class space    used 1843K, capacity 1991K, committed 2048K, reserved 1048576K
Event: 7,612 GC heap after
Heap after GC invocations=4 (full 1):
 PSYoungGen      total 34304K, used 0K [0x00000000ebf80000, 0x00000000f0280000, 0x0000000100000000)
  eden space 31744K, 0% used [0x00000000ebf80000,0x00000000ebf80000,0x00000000ede80000)
  from space 2560K, 0% used [0x00000000ede80000,0x00000000ede80000,0x00000000ee100000)
  to   space 2560K, 0% used [0x00000000f0000000,0x00000000f0000000,0x00000000f0280000)
 ParOldGen       total 75776K, used 31657K [0x00000000c3e00000, 0x00000000c8800000, 0x00000000ebf80000)
  object space 75776K, 41% used [0x00000000c3e00000,0x00000000c5cea5b0,0x00000000c8800000)
 Metaspace       used 13091K, capacity 13610K, committed 13824K, reserved 1060864K
  class space    used 1843K, capacity 1991K, committed 2048K, reserved 1048576K
}
Event: 10,184 GC heap before
{Heap before GC invocations=5 (full 1):
 PSYoungGen      total 34304K, used 31744K [0x00000000ebf80000, 0x00000000f0280000, 0x0000000100000000)
  eden space 31744K, 100% used [0x00000000ebf80000,0x00000000ede80000,0x00000000ede80000)
  from space 2560K, 0% used [0x00000000ede80000,0x00000000ede80000,0x00000000ee100000)
  to   space 2560K, 0% used [0x00000000f0000000,0x00000000f0000000,0x00000000f0280000)
 ParOldGen       total 75776K, used 31657K [0x00000000c3e00000, 0x00000000c8800000, 0x00000000ebf80000)
  object space 75776K, 41% used [0x00000000c3e00000,0x00000000c5cea5b0,0x00000000c8800000)
 Metaspace       used 13215K, capacity 13738K, committed 13824K, reserved 1060864K
  class space    used 1844K, capacity 1991K, committed 2048K, reserved 1048576K
Event: 10,225 GC heap after
Heap after GC invocations=5 (full 1):
 PSYoungGen      total 56320K, used 2523K [0x00000000ebf80000, 0x00000000f0280000, 0x0000000100000000)
  eden space 53760K, 0% used [0x00000000ebf80000,0x00000000ebf80000,0x00000000ef400000)
  from space 2560K, 98% used [0x00000000f0000000,0x00000000f0276d38,0x00000000f0280000)
  to   space 2560K, 0% used [0x00000000efd80000,0x00000000efd80000,0x00000000f0000000)
 ParOldGen       total 75776K, used 52183K [0x00000000c3e00000, 0x00000000c8800000, 0x00000000ebf80000)
  object space 75776K, 68% used [0x00000000c3e00000,0x00000000c70f5f20,0x00000000c8800000)
 Metaspace       used 13215K, capacity 13738K, committed 13824K, reserved 1060864K
  class space    used 1844K, capacity 1991K, committed 2048K, reserved 1048576K
}
Event: 10,225 GC heap before
{Heap before GC invocations=6 (full 2):
 PSYoungGen      total 56320K, used 2523K [0x00000000ebf80000, 0x00000000f0280000, 0x0000000100000000)
  eden space 53760K, 0% used [0x00000000ebf80000,0x00000000ebf80000,0x00000000ef400000)
  from space 2560K, 98% used [0x00000000f0000000,0x00000000f0276d38,0x00000000f0280000)
  to   space 2560K, 0% used [0x00000000efd80000,0x00000000efd80000,0x00000000f0000000)
 ParOldGen       total 75776K, used 52183K [0x00000000c3e00000, 0x00000000c8800000, 0x00000000ebf80000)
  object space 75776K, 68% used [0x00000000c3e00000,0x00000000c70f5f20,0x00000000c8800000)
 Metaspace       used 13215K, capacity 13738K, committed 13824K, reserved 1060864K
  class space    used 1844K, capacity 1991K, committed 2048K, reserved 1048576K
Event: 10,280 GC heap after
Heap after GC invocations=6 (full 2):
 PSYoungGen      total 56320K, used 0K [0x00000000ebf80000, 0x00000000f0280000, 0x0000000100000000)
  eden space 53760K, 0% used [0x00000000ebf80000,0x00000000ebf80000,0x00000000ef400000)
  from space 2560K, 0% used [0x00000000f0000000,0x00000000f0000000,0x00000000f0280000)
  to   space 2560K, 0% used [0x00000000efd80000,0x00000000efd80000,0x00000000f0000000)
 ParOldGen       total 89600K, used 31404K [0x00000000c3e00000, 0x00000000c9580000, 0x00000000ebf80000)
  object space 89600K, 35% used [0x00000000c3e00000,0x00000000c5cab028,0x00000000c9580000)
 Metaspace       used 13215K, capacity 13738K, committed 13824K, reserved 1060864K
  class space    used 1844K, capacity 1991K, committed 2048K, reserved 1048576K
}
Event: 12,787 GC heap before
{Heap before GC invocations=7 (full 2):
 PSYoungGen      total 56320K, used 53760K [0x00000000ebf80000, 0x00000000f0280000, 0x0000000100000000)
  eden space 53760K, 100% used [0x00000000ebf80000,0x00000000ef400000,0x00000000ef400000)
  from space 2560K, 0% used [0x00000000f0000000,0x00000000f0000000,0x00000000f0280000)
  to   space 2560K, 0% used [0x00000000efd80000,0x00000000efd80000,0x00000000f0000000)
 ParOldGen       total 89600K, used 31404K [0x00000000c3e00000, 0x00000000c9580000, 0x00000000ebf80000)
  object space 89600K, 35% used [0x00000000c3e00000,0x00000000c5cab028,0x00000000c9580000)
 Metaspace       used 13349K, capacity 13930K, committed 14080K, reserved 1060864K
  class space    used 1845K, capacity 1991K, committed 2048K, reserved 1048576K

