# JRE version: Java(TM) SE Runtime Environment (8.0_111-b14) (build 1.8.0_111-b14)
# Java VM: Java HotSpot(TM) 64-Bit Server VM (25.111-b14 mixed mode linux-amd64 compressed oops)
Heap:
 PSYoungGen      total 34304K, used 2554K [0x00000000ebf80000, 0x00000000ee380000, 0x0000000100000000)
  eden space 31744K, 0% used [0x00000000ebf80000,0x00000000ebf80000,0x00000000ede80000)
  from space 2560K, 99% used [0x00000000ede80000,0x00000000ee0feac8,0x00000000ee100000)
  to   space 2560K, 0% used [0x00000000ee100000,0x00000000ee100000,0x00000000ee380000)
 ParOldGen       total 62976K, used 51590K [0x00000000c3e00000, 0x00000000c7b80000, 0x00000000ebf80000)
  object space 62976K, 81% used [0x00000000c3e00000,0x00000000c7061a78,0x00000000c7b80000)
 Metaspace       used 13313K, capacity 13802K, committed 14080K, reserved 1060864K
  class space    used 1844K, capacity 1991K, committed 2048K, reserved 1048576K
GC Heap History (10 events):
Event: 7,880 GC heap after
Heap after GC invocations=1 (full 0):
 PSYoungGen      total 18432K, used 2544K [0x00000000ebf80000, 0x00000000ed400000, 0x0000000100000000)
  eden space 15872K, 0% used [0x00000000ebf80000,0x00000000ebf80000,0x00000000ecf00000)
  from space 2560K, 99% used [0x00000000ecf00000,0x00000000ed17c3a8,0x00000000ed180000)
  to   space 2560K, 0% used [0x00000000ed180000,0x00000000ed180000,0x00000000ed400000)
 ParOldGen       total 42496K, used 924K [0x00000000c3e00000, 0x00000000c6780000, 0x00000000ebf80000)
  object space 42496K, 2% used [0x00000000c3e00000,0x00000000c3ee7348,0x00000000c6780000)
 Metaspace       used 8723K, capacity 9172K, committed 9344K, reserved 1056768K
  class space    used 1163K, capacity 1286K, committed 1408K, reserved 1048576K
}
Event: 8,624 GC heap before
{Heap before GC invocations=2 (full 0):
 PSYoungGen      total 18432K, used 18306K [0x00000000ebf80000, 0x00000000ed400000, 0x0000000100000000)
  eden space 15872K, 99% used [0x00000000ebf80000,0x00000000ecee44d0,0x00000000ecf00000)
  from space 2560K, 99% used [0x00000000ecf00000,0x00000000ed17c3a8,0x00000000ed180000)
  to   space 2560K, 0% used [0x00000000ed180000,0x00000000ed180000,0x00000000ed400000)
 ParOldGen       total 42496K, used 924K [0x00000000c3e00000, 0x00000000c6780000, 0x00000000ebf80000)
  object space 42496K, 2% used [0x00000000c3e00000,0x00000000c3ee7348,0x00000000c6780000)
 Metaspace       used 9199K, capacity 9594K, committed 9856K, reserved 1058816K
  class space    used 1257K, capacity 1383K, committed 1408K, reserved 1048576K
Event: 8,654 GC heap after
Heap after GC invocations=2 (full 0):
 PSYoungGen      total 18432K, used 2540K [0x00000000ebf80000, 0x00000000ee380000, 0x0000000100000000)
  eden space 15872K, 0% used [0x00000000ebf80000,0x00000000ebf80000,0x00000000ecf00000)
  from space 2560K, 99% used [0x00000000ed180000,0x00000000ed3fb0e8,0x00000000ed400000)
  to   space 2560K, 0% used [0x00000000ecf00000,0x00000000ecf00000,0x00000000ed180000)
 ParOldGen       total 42496K, used 11271K [0x00000000c3e00000, 0x00000000c6780000, 0x00000000ebf80000)
  object space 42496K, 26% used [0x00000000c3e00000,0x00000000c4901e00,0x00000000c6780000)
 Metaspace       used 9199K, capacity 9594K, committed 9856K, reserved 1058816K
  class space    used 1257K, capacity 1383K, committed 1408K, reserved 1048576K
}
Event: 8,741 GC heap before
{Heap before GC invocations=3 (full 0):
 PSYoungGen      total 18432K, used 18112K [0x00000000ebf80000, 0x00000000ee380000, 0x0000000100000000)
  eden space 15872K, 98% used [0x00000000ebf80000,0x00000000eceb51f8,0x00000000ecf00000)
  from space 2560K, 99% used [0x00000000ed180000,0x00000000ed3fb0e8,0x00000000ed400000)
  to   space 2560K, 0% used [0x00000000ecf00000,0x00000000ecf00000,0x00000000ed180000)
 ParOldGen       total 42496K, used 11271K [0x00000000c3e00000, 0x00000000c6780000, 0x00000000ebf80000)
  object space 42496K, 26% used [0x00000000c3e00000,0x00000000c4901e00,0x00000000c6780000)
 Metaspace       used 9199K, capacity 9594K, committed 9856K, reserved 1058816K
  class space    used 1257K, capacity 1383K, committed 1408K, reserved 1048576K
Event: 8,770 GC heap after
Heap after GC invocations=3 (full 0):
 PSYoungGen      total 18432K, used 2536K [0x00000000ebf80000, 0x00000000ee380000, 0x0000000100000000)
  eden space 15872K, 0% used [0x00000000ebf80000,0x00000000ebf80000,0x00000000ecf00000)
  from space 2560K, 99% used [0x00000000ecf00000,0x00000000ed17a048,0x00000000ed180000)
  to   space 2560K, 0% used [0x00000000ee100000,0x00000000ee100000,0x00000000ee380000)
 ParOldGen       total 42496K, used 23307K [0x00000000c3e00000, 0x00000000c6780000, 0x00000000ebf80000)
  object space 42496K, 54% used [0x00000000c3e00000,0x00000000c54c2ec8,0x00000000c6780000)
 Metaspace       used 9199K, capacity 9594K, committed 9856K, reserved 1058816K
  class space    used 1257K, capacity 1383K, committed 1408K, reserved 1048576K
}
Event: 20,451 GC heap before
{Heap before GC invocations=4 (full 0):
 PSYoungGen      total 18432K, used 18408K [0x00000000ebf80000, 0x00000000ee380000, 0x0000000100000000)
  eden space 15872K, 100% used [0x00000000ebf80000,0x00000000ecf00000,0x00000000ecf00000)
  from space 2560K, 99% used [0x00000000ecf00000,0x00000000ed17a048,0x00000000ed180000)
  to   space 2560K, 0% used [0x00000000ee100000,0x00000000ee100000,0x00000000ee380000)
 ParOldGen       total 42496K, used 23307K [0x00000000c3e00000, 0x00000000c6780000, 0x00000000ebf80000)
  object space 42496K, 54% used [0x00000000c3e00000,0x00000000c54c2ec8,0x00000000c6780000)
 Metaspace       used 13278K, capacity 13802K, committed 14080K, reserved 1060864K
  class space    used 1844K, capacity 1991K, committed 2048K, reserved 1048576K
Event: 20,475 GC heap after
Heap after GC invocations=4 (full 0):
 PSYoungGen      total 34304K, used 2559K [0x00000000ebf80000, 0x00000000ee380000, 0x0000000100000000)
  eden space 31744K, 0% used [0x00000000ebf80000,0x00000000ebf80000,0x00000000ede80000)
  from space 2560K, 99% used [0x00000000ee100000,0x00000000ee37fe70,0x00000000ee380000)
  to   space 2560K, 0% used [0x00000000ede80000,0x00000000ede80000,0x00000000ee100000)
 ParOldGen       total 42496K, used 28815K [0x00000000c3e00000, 0x00000000c6780000, 0x00000000ebf80000)
  object space 42496K, 67% used [0x00000000c3e00000,0x00000000c5a23d88,0x00000000c6780000)
 Metaspace       used 13278K, capacity 13802K, committed 14080K, reserved 1060864K
  class space    used 1844K, capacity 1991K, committed 2048K, reserved 1048576K
}
Event: 20,475 GC heap before
{Heap before GC invocations=5 (full 1):
 PSYoungGen      total 34304K, used 2559K [0x00000000ebf80000, 0x00000000ee380000, 0x0000000100000000)
  eden space 31744K, 0% used [0x00000000ebf80000,0x00000000ebf80000,0x00000000ede80000)
  from space 2560K, 99% used [0x00000000ee100000,0x00000000ee37fe70,0x00000000ee380000)
  to   space 2560K, 0% used [0x00000000ede80000,0x00000000ede80000,0x00000000ee100000)
 ParOldGen       total 42496K, used 28815K [0x00000000c3e00000, 0x00000000c6780000, 0x00000000ebf80000)
  object space 42496K, 67% used [0x00000000c3e00000,0x00000000c5a23d88,0x00000000c6780000)
 Metaspace       used 13278K, capacity 13802K, committed 14080K, reserved 1060864K
  class space    used 1844K, capacity 1991K, committed 2048K, reserved 1048576K
Event: 20,558 GC heap after
Heap after GC invocations=5 (full 1):
 PSYoungGen      total 34304K, used 0K [0x00000000ebf80000, 0x00000000ee380000, 0x0000000100000000)
  eden space 31744K, 0% used [0x00000000ebf80000,0x00000000ebf80000,0x00000000ede80000)
  from space 2560K, 0% used [0x00000000ee100000,0x00000000ee100000,0x00000000ee380000)
  to   space 2560K, 0% used [0x00000000ede80000,0x00000000ede80000,0x00000000ee100000)
 ParOldGen       total 62976K, used 30896K [0x00000000c3e00000, 0x00000000c7b80000, 0x00000000ebf80000)
  object space 62976K, 49% used [0x00000000c3e00000,0x00000000c5c2c2a0,0x00000000c7b80000)
 Metaspace       used 13278K, capacity 13802K, committed 14080K, reserved 1060864K
  class space    used 1844K, capacity 1991K, committed 2048K, reserved 1048576K
}
Event: 23,003 GC heap before
{Heap before GC invocations=6 (full 1):
 PSYoungGen      total 34304K, used 31744K [0x00000000ebf80000, 0x00000000ee380000, 0x0000000100000000)
  eden space 31744K, 100% used [0x00000000ebf80000,0x00000000ede80000,0x00000000ede80000)
  from space 2560K, 0% used [0x00000000ee100000,0x00000000ee100000,0x00000000ee380000)
  to   space 2560K, 0% used [0x00000000ede80000,0x00000000ede80000,0x00000000ee100000)
 ParOldGen       total 62976K, used 30896K [0x00000000c3e00000, 0x00000000c7b80000, 0x00000000ebf80000)
  object space 62976K, 49% used [0x00000000c3e00000,0x00000000c5c2c2a0,0x00000000c7b80000)
 Metaspace       used 13313K, capacity 13802K, committed 14080K, reserved 1060864K
  class space    used 1844K, capacity 1991K, committed 2048K, reserved 1048576K

